빌드 시작: 2015-11-08 오전 7:29:22
     1>2 노드의 "c:\Users\KMC\documents\visual studio 2010\Projects\Game\Game\Game.vcxproj" 프로젝트(build 대상)입니다.
     1>InitializeBuildStatus:
         "AlwaysCreate"이(가) 지정되었기 때문에 "Debug\Game.unsuccessfulbuild"을(를) 만들고 있습니다.
       ClCompile:
         C:\Program Files (x86)\Microsoft Visual Studio 10.0\VC\bin\CL.exe /c /ZI /nologo /W3 /WX- /Od /Oy- /D WIN32 /D _DEBUG /D _CONSOLE /D _UNICODE /D UNICODE /Gm /EHsc /RTC1 /MDd /GS /fp:precise /Zc:wchar_t /Zc:forScope /Fo"Debug\\" /Fd"Debug\vc100.pdb" /Gd /TP /analyze- /errorReport:prompt Bob.cpp Bullet.cpp Launcher.cpp Map.cpp Missile.cpp Object.cpp User.cpp main.cpp
         main.cpp
     1>c:\users\kmc\documents\visual studio 2010\projects\game\game\main.cpp(35): warning C4996: 'getch': The POSIX name for this item is deprecated. Instead, use the ISO C++ conformant name: _getch. See online help for details.
                 c:\program files (x86)\microsoft visual studio 10.0\vc\include\conio.h(128) : 'getch' 선언을 참조하십시오.
     1>c:\users\kmc\documents\visual studio 2010\projects\game\game\main.cpp(52): warning C4996: 'kbhit': The POSIX name for this item is deprecated. Instead, use the ISO C++ conformant name: _kbhit. See online help for details.
                 c:\program files (x86)\microsoft visual studio 10.0\vc\include\conio.h(130) : 'kbhit' 선언을 참조하십시오.
     1>c:\users\kmc\documents\visual studio 2010\projects\game\game\main.cpp(53): warning C4996: 'getch': The POSIX name for this item is deprecated. Instead, use the ISO C++ conformant name: _getch. See online help for details.
                 c:\program files (x86)\microsoft visual studio 10.0\vc\include\conio.h(128) : 'getch' 선언을 참조하십시오.
         User.cpp
         Object.cpp
         코드를 생성하고 있습니다...
         컴파일하고 있습니다...
         Missile.cpp
         Map.cpp
         Launcher.cpp
         Bullet.cpp
         Bob.cpp
         코드를 생성하고 있습니다...
       ManifestResourceCompile:
         모든 출력이 최신 상태입니다.
       Link:
         C:\Program Files (x86)\Microsoft Visual Studio 10.0\VC\bin\link.exe /ERRORREPORT:PROMPT /OUT:"c:\users\kmc\documents\visual studio 2010\Projects\Game\Debug\Game.exe" /INCREMENTAL /NOLOGO kernel32.lib user32.lib gdi32.lib winspool.lib comdlg32.lib advapi32.lib shell32.lib ole32.lib oleaut32.lib uuid.lib odbc32.lib odbccp32.lib /MANIFEST /ManifestFile:"Debug\Game.exe.intermediate.manifest" /MANIFESTUAC:"level='asInvoker' uiAccess='false'" /DEBUG /PDB:"c:\users\kmc\documents\visual studio 2010\Projects\Game\Debug\Game.pdb" /SUBSYSTEM:CONSOLE /TLBID:1 /DYNAMICBASE /NXCOMPAT /IMPLIB:"c:\users\kmc\documents\visual studio 2010\Projects\Game\Debug\Game.lib" /MACHINE:X86 Debug\Game.exe.embed.manifest.res
         Debug\Bob.obj
         Debug\Bullet.obj
         Debug\Launcher.obj
         Debug\main.obj
         Debug\Map.obj
         Debug\Missile.obj
         Debug\Object.obj
         Debug\User.obj
       Manifest:
         C:\Program Files (x86)\Microsoft SDKs\Windows\v7.0A\bin\mt.exe /nologo /verbose /out:"Debug\Game.exe.embed.manifest" /manifest Debug\Game.exe.intermediate.manifest
         모든 출력이 최신 상태입니다.
       LinkEmbedManifest:
         모든 출력이 최신 상태입니다.
         Game.vcxproj -> c:\users\kmc\documents\visual studio 2010\Projects\Game\Debug\Game.exe
       FinalizeBuildStatus:
         "Debug\Game.unsuccessfulbuild" 파일을 삭제하고 있습니다.
         "Debug\Game.lastbuildstate"에 연결(touching)하고 있습니다.
     1>"c:\Users\KMC\documents\visual studio 2010\Projects\Game\Game\Game.vcxproj" 프로젝트를 빌드했습니다(build 대상).

빌드했습니다.

경과 시간: 00:00:09.33
